<?xml version="1.0" encoding="UTF-8"?>
<!-- Generated by org.testng.reporters.JUnitXMLReporter -->
<testsuite ignored="0" hostname="LAPTOP-44BJI9MK" failures="0" tests="4" name="Test" time="0.046" errors="0" timestamp="2022-02-26T16:45:52 IST">
  <testcase classname="testMaven.MavenJava.SeleniumATest" name="browserTest" time="0.007"/>
  <testcase classname="testMaven.MavenJava.SeleniumATest" name="elementsUI" time="0.0"/>
  <testcase classname="testMaven.MavenJava.AppiumTest" name="IOSApps" time="0.001"/>
  <testcase classname="testMaven.MavenJava.AppiumTest" name="androidApps" time="0.0"/>
</testsuite> <!-- Test -->
