<?xml version="1.0" encoding="UTF-8"?>
<testsuite xmlns:xsi="http://www.w3.org/2001/XMLSchema-instance" xsi:noNamespaceSchemaLocation="https://maven.apache.org/surefire/maven-surefire-plugin/xsd/surefire-test-report-3.0.xsd" version="3.0" name="TestSuite" time="0.613" tests="4" errors="0" skipped="0" failures="0">
  <properties>
[...]
</properties>
  <testcase name="browserTest" classname="testMaven.MavenJava.SeleniumATest" time="0.005">
    <system-out><![CDATA[browser test
]]></system-out>
    <system-err><![CDATA[SLF4J: Failed to load class "org.slf4j.impl.StaticLoggerBinder".
SLF4J: Defaulting to no-operation (NOP) logger implementation
SLF4J: See http://www.slf4j.org/codes.html#StaticLoggerBinder for further details.
]]></system-err>
  </testcase>
  <testcase name="elementsUI" classname="testMaven.MavenJava.SeleniumATest" time="0">
    <system-out><![CDATA[elementsUI
]]></system-out>
  </testcase>
  <testcase name="IOSApps" classname="testMaven.MavenJava.AppiumTest" time="0">
    <system-out><![CDATA[IOSApps
]]></system-out>
  </testcase>
  <testcase name="androidApps" classname="testMaven.MavenJava.AppiumTest" time="0">
    <system-out><![CDATA[androidApps
]]></system-out>
  </testcase>
</testsuite>